Arguments: 
  /usr/local/bin/node /usr/local/Cellar/yarn/1.22.17_2/libexec/bin/yarn.js add ppcenter appcenter-analytics appcenter-crashes

PATH: 
  /usr/local/opt/ruby/bin:/usr/local/bin:/usr/bin:/bin:/usr/sbin:/sbin:/Library/Apple/usr/bin:/Users/anumothu/Downloads/google-cloud-sdk/bin:/usr/local/opt/ruby/bin:/Users/anumothu/Library/Android/sdk/tools:/Users/anumothu/Library/Android/sdk/platform-tools:/Users/anumothu/Library/Android/sdk/tools:/Users/anumothu/Library/Android/sdk/platform-tools

Yarn version: 
  1.22.17

Node version: 
  12.18.3

Platform: 
  darwin x64

Trace: 
  Error: https://registry.npmjs.org/ppcenter: Not found
      at Request.params.callback [as _callback] (/usr/local/Cellar/yarn/1.22.17_2/libexec/lib/cli.js:67029:18)
      at Request.self.callback (/usr/local/Cellar/yarn/1.22.17_2/libexec/lib/cli.js:140883:22)
      at Request.emit (events.js:315:20)
      at Request.<anonymous> (/usr/local/Cellar/yarn/1.22.17_2/libexec/lib/cli.js:141855:10)
      at Request.emit (events.js:315:20)
      at IncomingMessage.<anonymous> (/usr/local/Cellar/yarn/1.22.17_2/libexec/lib/cli.js:141777:12)
      at Object.onceWrapper (events.js:421:28)
      at IncomingMessage.emit (events.js:327:22)
      at endReadableNT (_stream_readable.js:1220:12)
      at processTicksAndRejections (internal/process/task_queues.js:84:21)

npm manifest: 
  {
    "name": "am-tabbar-rn-template",
    "version": "0.0.1",
    "description": "React Native Tabbar Template including React Navigation and some other packages",
    "repository": "https://github.com/anumothuR/am-tabbar-rn-template.git",
    "author": "Anumothu Rajendran",
    "license": "MIT"
  }

yarn manifest: 
  No manifest

Lockfile: 
  No lockfile
